<?xml version="1.0" encoding="UTF-8"?>
<testng-results skipped="0" failed="0" total="1" passed="1">
  <reporter-output>
    <line>
      <![CDATA[Home page is Displayed]]>
    </line>
    <line>
      <![CDATA[Test testValidLogin is PASS]]>
    </line>
  </reporter-output>
  <suite name="Default suite" duration-ms="18570" started-at="2019-04-24T15:16:44Z" finished-at="2019-04-24T15:17:03Z">
    <groups>
    </groups>
    <test name="Default test" duration-ms="18570" started-at="2019-04-24T15:16:44Z" finished-at="2019-04-24T15:17:03Z">
      <class name="script.ValidLogin">
        <test-method status="PASS" signature="OpenApp()[pri:0, instance:script.ValidLogin@457e2f02]" name="OpenApp" is-config="true" duration-ms="10469" started-at="2019-04-24T20:46:44Z" finished-at="2019-04-24T20:46:55Z">
          <reporter-output>
          </reporter-output>
        </test-method> <!-- OpenApp -->
        <test-method status="PASS" signature="testValidLogin()[pri:1, instance:script.ValidLogin@457e2f02]" name="testValidLogin" duration-ms="5705" started-at="2019-04-24T20:46:55Z" finished-at="2019-04-24T20:47:00Z">
          <reporter-output>
            <line>
              <![CDATA[Home page is Displayed]]>
            </line>
          </reporter-output>
        </test-method> <!-- testValidLogin -->
        <test-method status="PASS" signature="closeApp(org.testng.ITestResult)[pri:0, instance:script.ValidLogin@457e2f02]" name="closeApp" is-config="true" duration-ms="2347" started-at="2019-04-24T20:47:00Z" finished-at="2019-04-24T20:47:03Z">
          <params>
            <param index="0">
              <value>
                <![CDATA[[TestResult name=testValidLogin status=SUCCESS method=ValidLogin.testValidLogin()[pri:1, instance:script.ValidLogin@457e2f02] output=Home page is Displayed]]]>
              </value>
            </param>
          </params>
          <reporter-output>
            <line>
              <![CDATA[Test testValidLogin is PASS]]>
            </line>
          </reporter-output>
        </test-method> <!-- closeApp -->
      </class> <!-- script.ValidLogin -->
    </test> <!-- Default test -->
  </suite> <!-- Default suite -->
</testng-results>
