<?xml version="1.0" encoding="UTF-8"?>
<testng-results skipped="0" failed="0" total="1" passed="1">
  <reporter-output>
    <line>
      <![CDATA[Homepage is not displayed]]>
    </line>
    <line>
      <![CDATA[Test testValidLogin is PASS]]>
    </line>
  </reporter-output>
  <suite name="Default suite" duration-ms="29900" started-at="2019-03-01T09:15:00Z" finished-at="2019-03-01T09:15:30Z">
    <groups>
    </groups>
    <test name="Default test" duration-ms="29900" started-at="2019-03-01T09:15:00Z" finished-at="2019-03-01T09:15:30Z">
      <class name="script.ValidLogin">
        <test-method status="PASS" signature="OpenApp()[pri:0, instance:script.ValidLogin@457e2f02]" name="OpenApp" is-config="true" duration-ms="17783" started-at="2019-03-01T14:45:00Z" finished-at="2019-03-01T14:45:18Z">
          <reporter-output>
          </reporter-output>
        </test-method> <!-- OpenApp -->
        <test-method status="PASS" signature="testValidLogin()[pri:1, instance:script.ValidLogin@457e2f02]" name="testValidLogin" duration-ms="11971" started-at="2019-03-01T14:45:18Z" finished-at="2019-03-01T14:45:30Z">
          <reporter-output>
            <line>
              <![CDATA[Homepage is not displayed]]>
            </line>
          </reporter-output>
        </test-method> <!-- testValidLogin -->
        <test-method status="PASS" signature="closeApp(org.testng.ITestResult)[pri:0, instance:script.ValidLogin@457e2f02]" name="closeApp" is-config="true" duration-ms="100" started-at="2019-03-01T14:45:30Z" finished-at="2019-03-01T14:45:30Z">
          <params>
            <param index="0">
              <value>
                <![CDATA[[TestResult name=testValidLogin status=SUCCESS method=ValidLogin.testValidLogin()[pri:1, instance:script.ValidLogin@457e2f02] output=Homepage is not displayed]]]>
              </value>
            </param>
          </params>
          <reporter-output>
            <line>
              <![CDATA[Test testValidLogin is PASS]]>
            </line>
          </reporter-output>
        </test-method> <!-- closeApp -->
      </class> <!-- script.ValidLogin -->
    </test> <!-- Default test -->
  </suite> <!-- Default suite -->
</testng-results>
